This is pdfTeX, Version 3.141592653-2.6-1.40.24 (MiKTeX 22.1) (preloaded format=pdflatex 2025.3.22)  17 SEP 2025 10:05
entering extended mode
 restricted \write18 enabled.
 file:line:error style messages enabled.
 %&-line parsing enabled.
**/Users/danielfernandoorozcomorales/Documents/ApuntesTrading_dfom/1_Definicion_.tex
(/Users/danielfernandoorozcomorales/Documents/ApuntesTrading_dfom/1_Definicion_.tex
LaTeX2e <2024-11-01> patch level 2
L3 programming layer <2025-01-18>
(/Library/Application Support/MiKTeX/texmfs/install/tex/latex/base/report.cls
Document Class: report 2024/06/29 v1.4n Standard LaTeX document class
(/Library/Application Support/MiKTeX/texmfs/install/tex/latex/base/size12.clo
File: size12.clo 2024/06/29 v1.4n Standard LaTeX file (size option)
)
\c@part=\count196
\c@chapter=\count197
\c@section=\count198
\c@subsection=\count199
\c@subsubsection=\count266
\c@paragraph=\count267
\c@subparagraph=\count268
\c@figure=\count269
\c@table=\count270
\abovecaptionskip=\skip49
\belowcaptionskip=\skip50
\bibindent=\dimen141
) (/Library/Application Support/MiKTeX/texmfs/install/tex/generic/babel/babel.sty
Package: babel 2025/02/14 v25.4 The multilingual framework for pdfLaTeX, LuaLaTeX and XeLaTeX
\babel@savecnt=\count271
\U@D=\dimen142
\l@unhyphenated=\language79
 (/Library/Application Support/MiKTeX/texmfs/install/tex/generic/babel/txtbabel.def)
\bbl@readstream=\read2
\bbl@dirlevel=\count272

*************************************
* Local config file bblopts.cfg used
*
(/Library/Application Support/MiKTeX/texmfs/install/tex/latex/arabi/bblopts.cfg
File: bblopts.cfg 2005/09/08 v0.1 add Arabic and Farsi to "declared" options of babel
) (/Users/danielfernandoorozcomorales/Library/Application Support/MiKTeX/texmfs/install/tex/latex/babel-spanish/spanish.ldf
Language: spanish.ldf 2021/05/27 v5.0q Spanish support from the babel system
\es@quottoks=\toks17
\es@quotdepth=\count273
Package babel Info: Making " an active character on input line 570.
Package babel Info: Making . an active character on input line 675.
Package babel Info: Making < an active character on input line 722.
Package babel Info: Making > an active character on input line 722.
)) (/Library/Application Support/MiKTeX/texmfs/install/tex/generic/babel/locale/es/babel-spanish.tex
Package babel Info: Importing font and identification data for spanish
(babel)             from babel-es.ini. Reported on input line 11.
) (/Library/Application Support/MiKTeX/texmfs/install/tex/latex/base/fontenc.sty
Package: fontenc 2021/04/29 v2.0v Standard LaTeX package
) (/Library/Application Support/MiKTeX/texmfs/install/tex/latex/base/inputenc.sty
Package: inputenc 2024/02/08 v1.3d Input encoding file
\inpenc@prehook=\toks18
\inpenc@posthook=\toks19
) (/Users/danielfernandoorozcomorales/Library/Application Support/MiKTeX/texmfs/install/tex/latex/enumitem/enumitem.sty
Package: enumitem 2025/02/06 v3.11 Customized lists
\enitkv@toks@=\toks20
\labelindent=\skip51
\enit@outerparindent=\dimen143
\enit@toks=\toks21
\enit@inbox=\box52
\enit@count@id=\count274
\enitdp@description=\count275
) (/Library/Application Support/MiKTeX/texmfs/install/tex/latex/lm/lmodern.sty
Package: lmodern 2015/05/01 v1.6.1 Latin Modern Fonts
LaTeX Font Info:    Overwriting symbol font `operators' in version `normal'
(Font)                  OT1/cmr/m/n --> OT1/lmr/m/n on input line 22.
LaTeX Font Info:    Overwriting symbol font `letters' in version `normal'
(Font)                  OML/cmm/m/it --> OML/lmm/m/it on input line 23.
LaTeX Font Info:    Overwriting symbol font `symbols' in version `normal'
(Font)                  OMS/cmsy/m/n --> OMS/lmsy/m/n on input line 24.
LaTeX Font Info:    Overwriting symbol font `largesymbols' in version `normal'
(Font)                  OMX/cmex/m/n --> OMX/lmex/m/n on input line 25.
LaTeX Font Info:    Overwriting symbol font `operators' in version `bold'
(Font)                  OT1/cmr/bx/n --> OT1/lmr/bx/n on input line 26.
LaTeX Font Info:    Overwriting symbol font `letters' in version `bold'
(Font)                  OML/cmm/b/it --> OML/lmm/b/it on input line 27.
LaTeX Font Info:    Overwriting symbol font `symbols' in version `bold'
(Font)                  OMS/cmsy/b/n --> OMS/lmsy/b/n on input line 28.
LaTeX Font Info:    Overwriting symbol font `largesymbols' in version `bold'
(Font)                  OMX/cmex/m/n --> OMX/lmex/m/n on input line 29.
LaTeX Font Info:    Overwriting math alphabet `\mathbf' in version `normal'
(Font)                  OT1/cmr/bx/n --> OT1/lmr/bx/n on input line 31.
LaTeX Font Info:    Overwriting math alphabet `\mathsf' in version `normal'
(Font)                  OT1/cmss/m/n --> OT1/lmss/m/n on input line 32.
LaTeX Font Info:    Overwriting math alphabet `\mathit' in version `normal'
(Font)                  OT1/cmr/m/it --> OT1/lmr/m/it on input line 33.
LaTeX Font Info:    Overwriting math alphabet `\mathtt' in version `normal'
(Font)                  OT1/cmtt/m/n --> OT1/lmtt/m/n on input line 34.
LaTeX Font Info:    Overwriting math alphabet `\mathbf' in version `bold'
(Font)                  OT1/cmr/bx/n --> OT1/lmr/bx/n on input line 35.
LaTeX Font Info:    Overwriting math alphabet `\mathsf' in version `bold'
(Font)                  OT1/cmss/bx/n --> OT1/lmss/bx/n on input line 36.
LaTeX Font Info:    Overwriting math alphabet `\mathit' in version `bold'
(Font)                  OT1/cmr/bx/it --> OT1/lmr/bx/it on input line 37.
LaTeX Font Info:    Overwriting math alphabet `\mathtt' in version `bold'
(Font)                  OT1/cmtt/m/n --> OT1/lmtt/m/n on input line 38.
) (/Library/Application Support/MiKTeX/texmfs/install/tex/latex/graphics/graphicx.sty
Package: graphicx 2021/09/16 v1.2d Enhanced LaTeX Graphics (DPC,SPQR)
 (/Library/Application Support/MiKTeX/texmfs/install/tex/latex/graphics/keyval.sty
Package: keyval 2022/05/29 v1.15 key=value parser (DPC)
\KV@toks@=\toks22
) (/Library/Application Support/MiKTeX/texmfs/install/tex/latex/graphics/graphics.sty
Package: graphics 2024/08/06 v1.4g Standard LaTeX Graphics (DPC,SPQR)
 (/Library/Application Support/MiKTeX/texmfs/install/tex/latex/graphics/trig.sty
Package: trig 2023/12/02 v1.11 sin cos tan (DPC)
) (/Library/Application Support/MiKTeX/texmfs/install/tex/latex/graphics-cfg/graphics.cfg
File: graphics.cfg 2016/06/04 v1.11 sample graphics configuration
)
Package graphics Info: Driver file: pdftex.def on input line 106.
 (/Library/Application Support/MiKTeX/texmfs/install/tex/latex/graphics-def/pdftex.def
File: pdftex.def 2024/04/13 v1.2c Graphics/color driver for pdftex
))
\Gin@req@height=\dimen144
\Gin@req@width=\dimen145
) (/Users/danielfernandoorozcomorales/Library/Application Support/MiKTeX/texmfs/install/tex/latex/float/float.sty
Package: float 2001/11/08 v1.3d Float enhancements (AL)
\c@float@type=\count276
\float@exts=\toks23
\float@box=\box53
\@float@everytoks=\toks24
\@floatcapt=\box54
) (/Users/danielfernandoorozcomorales/Library/Application Support/MiKTeX/texmfs/install/tex/latex/amscls/amsthm.sty
Package: amsthm 2020/05/29 v2.20.6
\thm@style=\toks25
\thm@bodyfont=\toks26
\thm@headfont=\toks27
\thm@notefont=\toks28
\thm@headpunct=\toks29
\thm@preskip=\skip52
\thm@postskip=\skip53
\thm@headsep=\skip54
\dth@everypar=\toks30
) (/Library/Application Support/MiKTeX/texmfs/install/tex/latex/amsfonts/amssymb.sty
Package: amssymb 2013/01/14 v3.01 AMS font symbols
 (/Library/Application Support/MiKTeX/texmfs/install/tex/latex/amsfonts/amsfonts.sty
Package: amsfonts 2013/01/14 v3.01 Basic AMSFonts support
\@emptytoks=\toks31
\symAMSa=\mathgroup4
\symAMSb=\mathgroup5
LaTeX Font Info:    Redeclaring math symbol \hbar on input line 98.
LaTeX Font Info:    Overwriting math alphabet `\mathfrak' in version `bold'
(Font)                  U/euf/m/n --> U/euf/b/n on input line 106.
)) (/Library/Application Support/MiKTeX/texmfs/install/tex/latex/amsmath/amsmath.sty
Package: amsmath 2024/11/05 v2.17t AMS math features
\@mathmargin=\skip55

For additional information on amsmath, use the `?' option.
(/Library/Application Support/MiKTeX/texmfs/install/tex/latex/amsmath/amstext.sty
Package: amstext 2021/08/26 v2.01 AMS text
 (/Library/Application Support/MiKTeX/texmfs/install/tex/latex/amsmath/amsgen.sty
File: amsgen.sty 1999/11/30 v2.0 generic functions
\@emptytoks=\toks32
\ex@=\dimen146
)) (/Library/Application Support/MiKTeX/texmfs/install/tex/latex/amsmath/amsbsy.sty
Package: amsbsy 1999/11/29 v1.2d Bold Symbols
\pmbraise@=\dimen147
) (/Library/Application Support/MiKTeX/texmfs/install/tex/latex/amsmath/amsopn.sty
Package: amsopn 2022/04/08 v2.04 operator names
)
\inf@bad=\count277
LaTeX Info: Redefining \frac on input line 233.
\uproot@=\count278
\leftroot@=\count279
LaTeX Info: Redefining \overline on input line 398.
LaTeX Info: Redefining \colon on input line 409.
\classnum@=\count280
\DOTSCASE@=\count281
LaTeX Info: Redefining \ldots on input line 495.
LaTeX Info: Redefining \dots on input line 498.
LaTeX Info: Redefining \cdots on input line 619.
\Mathstrutbox@=\box55
\strutbox@=\box56
LaTeX Info: Redefining \big on input line 721.
LaTeX Info: Redefining \Big on input line 722.
LaTeX Info: Redefining \bigg on input line 723.
LaTeX Info: Redefining \Bigg on input line 724.
\big@size=\dimen148
LaTeX Font Info:    Redeclaring font encoding OML on input line 742.
LaTeX Font Info:    Redeclaring font encoding OMS on input line 743.
\macc@depth=\count282
LaTeX Info: Redefining \bmod on input line 904.
LaTeX Info: Redefining \pmod on input line 909.
LaTeX Info: Redefining \smash on input line 939.
LaTeX Info: Redefining \relbar on input line 969.
LaTeX Info: Redefining \Relbar on input line 970.
\c@MaxMatrixCols=\count283
\dotsspace@=\muskip17
\c@parentequation=\count284
\dspbrk@lvl=\count285
\tag@help=\toks33
\row@=\count286
\column@=\count287
\maxfields@=\count288
\andhelp@=\toks34
\eqnshift@=\dimen149
\alignsep@=\dimen150
\tagshift@=\dimen151
\tagwidth@=\dimen152
\totwidth@=\dimen153
\lineht@=\dimen154
\@envbody=\toks35
\multlinegap=\skip56
\multlinetaggap=\skip57
\mathdisplay@stack=\toks36
LaTeX Info: Redefining \[ on input line 2953.
LaTeX Info: Redefining \] on input line 2954.
) (/Users/danielfernandoorozcomorales/Library/Application Support/MiKTeX/texmfs/install/tex/latex/multirow/multirow.sty
Package: multirow 2024/11/12 v2.9 Span multiple rows of a table
\multirow@colwidth=\skip58
\multirow@cntb=\count289
\multirow@dima=\skip59
\bigstrutjot=\dimen155
) (/Users/danielfernandoorozcomorales/Library/Application Support/MiKTeX/texmfs/install/tex/latex/booktabs/booktabs.sty
Package: booktabs 2020/01/12 v1.61803398 Publication quality tables
\heavyrulewidth=\dimen156
\lightrulewidth=\dimen157
\cmidrulewidth=\dimen158
\belowrulesep=\dimen159
\belowbottomsep=\dimen160
\aboverulesep=\dimen161
\abovetopsep=\dimen162
\cmidrulesep=\dimen163
\cmidrulekern=\dimen164
\defaultaddspace=\dimen165
\@cmidla=\count290
\@cmidlb=\count291
\@aboverulesep=\dimen166
\@belowrulesep=\dimen167
\@thisruleclass=\count292
\@lastruleclass=\count293
\@thisrulewidth=\dimen168
) (/Users/danielfernandoorozcomorales/Library/Application Support/MiKTeX/texmfs/install/tex/latex/parskip/parskip.sty
Package: parskip 2021-03-14 v2.0h non-zero parskip adjustments
 (/Users/danielfernandoorozcomorales/Library/Application Support/MiKTeX/texmfs/install/tex/latex/kvoptions/kvoptions.sty
Package: kvoptions 2022-06-15 v3.15 Key value format for package options (HO)
 (/Users/danielfernandoorozcomorales/Library/Application Support/MiKTeX/texmfs/install/tex/generic/ltxcmds/ltxcmds.sty
Package: ltxcmds 2023-12-04 v1.26 LaTeX kernel commands for general use (HO)
) (/Users/danielfernandoorozcomorales/Library/Application Support/MiKTeX/texmfs/install/tex/latex/kvsetkeys/kvsetkeys.sty
Package: kvsetkeys 2022-10-05 v1.19 Key value parser (HO)
)) (/Library/Application Support/MiKTeX/texmfs/install/tex/latex/etoolbox/etoolbox.sty
Package: etoolbox 2025/02/11 v2.5l e-TeX tools for LaTeX (JAW)
\etb@tempcnta=\count294
)) (/Library/Application Support/MiKTeX/texmfs/install/tex/latex/tools/tabularx.sty
Package: tabularx 2023/12/11 v2.12a `tabularx' package (DPC)
 (/Library/Application Support/MiKTeX/texmfs/install/tex/latex/tools/array.sty
Package: array 2024/10/17 v2.6g Tabular extension package (FMi)
\col@sep=\dimen169
\ar@mcellbox=\box57
\extrarowheight=\dimen170
\NC@list=\toks37
\extratabsurround=\skip60
\backup@length=\skip61
\ar@cellbox=\box58
)
\TX@col@width=\dimen171
\TX@old@table=\dimen172
\TX@old@col=\dimen173
\TX@target=\dimen174
\TX@delta=\dimen175
\TX@cols=\count295
\TX@ftn=\toks38
) (/Library/Application Support/MiKTeX/texmfs/install/tex/latex/ragged2e/ragged2e.sty
Package: ragged2e 2023/06/22 v3.6 ragged2e Package
\CenteringLeftskip=\skip62
\RaggedLeftLeftskip=\skip63
\RaggedRightLeftskip=\skip64
\CenteringRightskip=\skip65
\RaggedLeftRightskip=\skip66
\RaggedRightRightskip=\skip67
\CenteringParfillskip=\skip68
\RaggedLeftParfillskip=\skip69
\RaggedRightParfillskip=\skip70
\JustifyingParfillskip=\skip71
\CenteringParindent=\skip72
\RaggedLeftParindent=\skip73
\RaggedRightParindent=\skip74
\JustifyingParindent=\skip75
)
LaTeX Font Info:    Trying to load font information for T1+lmr on input line 60.
 (/Library/Application Support/MiKTeX/texmfs/install/tex/latex/lm/t1lmr.fd
File: t1lmr.fd 2015/05/01 v1.6.1 Font defs for Latin Modern
) (/Library/Application Support/MiKTeX/texmfs/install/tex/latex/l3backend/l3backend-pdftex.def
File: l3backend-pdftex.def 2024-05-08 L3 backend support: PDF output (pdfTeX)
\l__color_backend_stack_int=\count296
\l__pdf_internal_box=\box59
) (1_Definicion_.aux
LaTeX Info: Redefining \. on input line 8.
LaTeX Info: Redefining \% on input line 8.
)
\openout1 = `1_Definicion_.aux'.

LaTeX Font Info:    Checking defaults for OML/cmm/m/it on input line 60.
LaTeX Font Info:    ... okay on input line 60.
LaTeX Font Info:    Checking defaults for OMS/cmsy/m/n on input line 60.
LaTeX Font Info:    ... okay on input line 60.
LaTeX Font Info:    Checking defaults for OT1/cmr/m/n on input line 60.
LaTeX Font Info:    ... okay on input line 60.
LaTeX Font Info:    Checking defaults for T1/cmr/m/n on input line 60.
LaTeX Font Info:    ... okay on input line 60.
LaTeX Font Info:    Checking defaults for TS1/cmr/m/n on input line 60.
LaTeX Font Info:    ... okay on input line 60.
LaTeX Font Info:    Checking defaults for OMX/cmex/m/n on input line 60.
LaTeX Font Info:    ... okay on input line 60.
LaTeX Font Info:    Checking defaults for U/cmr/m/n on input line 60.
LaTeX Font Info:    ... okay on input line 60.
LaTeX Info: Redefining \. on input line 60.
LaTeX Info: Redefining \% on input line 60.
 (/Library/Application Support/MiKTeX/texmfs/install/tex/context/base/mkii/supp-pdf.mkii
[Loading MPS to PDF converter (version 2006.09.02).]
\scratchcounter=\count297
\scratchdimen=\dimen176
\scratchbox=\box60
\nofMPsegments=\count298
\nofMParguments=\count299
\everyMPshowfont=\toks39
\MPscratchCnt=\count300
\MPscratchDim=\dimen177
\MPnumerator=\count301
\makeMPintoPDFobject=\count302
\everyMPtoPDFconversion=\toks40
) (/Library/Application Support/MiKTeX/texmfs/install/tex/latex/epstopdf-pkg/epstopdf-base.sty
Package: epstopdf-base 2020-01-24 v2.11 Base part for package epstopdf
Package epstopdf-base Info: Redefining graphics rule for `.eps' on input line 485.
 (/Library/Application Support/MiKTeX/texmfs/install/tex/latex/00miktex/epstopdf-sys.cfg
File: epstopdf-sys.cfg 2021/03/18 v2.0 Configuration of epstopdf for MiKTeX
)) (2_presentacion.tex
LaTeX Font Info:    Trying to load font information for OT1+lmr on input line 16.
 (/Library/Application Support/MiKTeX/texmfs/install/tex/latex/lm/ot1lmr.fd
File: ot1lmr.fd 2015/05/01 v1.6.1 Font defs for Latin Modern
)
LaTeX Font Info:    Trying to load font information for OML+lmm on input line 16.
 (/Library/Application Support/MiKTeX/texmfs/install/tex/latex/lm/omllmm.fd
File: omllmm.fd 2015/05/01 v1.6.1 Font defs for Latin Modern
)
LaTeX Font Info:    Trying to load font information for OMS+lmsy on input line 16.
 (/Library/Application Support/MiKTeX/texmfs/install/tex/latex/lm/omslmsy.fd
File: omslmsy.fd 2015/05/01 v1.6.1 Font defs for Latin Modern
)
LaTeX Font Info:    Trying to load font information for OMX+lmex on input line 16.
 (/Library/Application Support/MiKTeX/texmfs/install/tex/latex/lm/omxlmex.fd
File: omxlmex.fd 2015/05/01 v1.6.1 Font defs for Latin Modern
)
LaTeX Font Info:    External font `lmex10' loaded for size
(Font)              <14.4> on input line 16.
LaTeX Font Info:    External font `lmex10' loaded for size
(Font)              <10> on input line 16.
LaTeX Font Info:    External font `lmex10' loaded for size
(Font)              <7> on input line 16.
LaTeX Font Info:    Trying to load font information for U+msa on input line 16.
 (/Library/Application Support/MiKTeX/texmfs/install/tex/latex/amsfonts/umsa.fd
File: umsa.fd 2013/01/14 v3.01 AMS symbols A
)
LaTeX Font Info:    Trying to load font information for U+msb on input line 16.
 (/Library/Application Support/MiKTeX/texmfs/install/tex/latex/amsfonts/umsb.fd
File: umsb.fd 2013/01/14 v3.01 AMS symbols B
)

[1

{/Users/danielfernandoorozcomorales/Library/Application Support/MiKTeX/texmfs/data/fonts/map/pdftex/pdftex.map}]

[2

]

[3

]) (1_Definicion_.toc
LaTeX Info: Redefining \. on input line 1.
LaTeX Info: Redefining \% on input line 1.
LaTeX Font Info:    External font `lmex10' loaded for size
(Font)              <12> on input line 3.
LaTeX Font Info:    External font `lmex10' loaded for size
(Font)              <8> on input line 3.
LaTeX Font Info:    External font `lmex10' loaded for size
(Font)              <6> on input line 3.


[4

]

[5]

[6])
\tf@toc=\write3
\openout3 = `1_Definicion_.toc'.

 (3_Introduccion.tex

[7]
Cap\'{\i }tulo 1.
) (4_Conceptos.tex

[8

]
Cap\'{\i }tulo 2.
<images/Intencion.png, id=31, 1027.84pt x 1027.84pt>
File: images/Intencion.png Graphic file (type png)
<use images/Intencion.png>
Package pdftex.def Info: images/Intencion.png  used on input line 17.
(pdftex.def)             Requested size: 312.9803pt x 312.98103pt.


[9

]
<images/desequilibrio_mes0625_ampliado.png, id=35, 1503.6175pt x 714.67pt>
File: images/desequilibrio_mes0625_ampliado.png Graphic file (type png)
<use images/desequilibrio_mes0625_ampliado.png>
Package pdftex.def Info: images/desequilibrio_mes0625_ampliado.png  used on input line 40.
(pdftex.def)             Requested size: 312.9803pt x 148.75471pt.


[10 <./images/Intencion.png (PNG copy)>]
<images/Secado.png, id=40, 1027.84pt x 1541.76pt>
File: images/Secado.png Graphic file (type png)
<use images/Secado.png>
Package pdftex.def Info: images/Secado.png  used on input line 72.
(pdftex.def)             Requested size: 312.9803pt x 469.47154pt.

Underfull \vbox (badness 3058) has occurred while \output is active []



[11 <./images/desequilibrio_mes0625_ampliado.png>]

[12 <./images/Secado.png (PNG copy)>]
<images/Testeo.png, id=48, 1027.84pt x 1541.76pt>
File: images/Testeo.png Graphic file (type png)
<use images/Testeo.png>
Package pdftex.def Info: images/Testeo.png  used on input line 90.
(pdftex.def)             Requested size: 312.9803pt x 469.47154pt.
<images/diver_1.png, id=49, 531.9875pt x 683.55376pt>
File: images/diver_1.png Graphic file (type png)
<use images/diver_1.png>
Package pdftex.def Info: images/diver_1.png  used on input line 108.
(pdftex.def)             Requested size: 312.9803pt x 402.15634pt.


[13]

[14 <./images/Testeo.png (PNG copy)>]

[15 <./images/diver_1.png>]
<images/Acumulacion.png, id=61, 1027.84pt x 1027.84pt>
File: images/Acumulacion.png Graphic file (type png)
<use images/Acumulacion.png>
Package pdftex.def Info: images/Acumulacion.png  used on input line 136.
(pdftex.def)             Requested size: 312.9803pt x 312.98103pt.


[16 <./images/Acumulacion.png (PNG copy)>]
<images/Distribucion.png, id=65, 1027.84pt x 1027.84pt>
File: images/Distribucion.png Graphic file (type png)
<use images/Distribucion.png>
Package pdftex.def Info: images/Distribucion.png  used on input line 159.
(pdftex.def)             Requested size: 312.9803pt x 312.98103pt.

Underfull \vbox (badness 1132) has occurred while \output is active []



[17 <./images/Distribucion.png (PNG copy)>]
File: images/Intencion.png Graphic file (type png)
<use images/Intencion.png>
Package pdftex.def Info: images/Intencion.png  used on input line 188.
(pdftex.def)             Requested size: 312.9803pt x 312.98103pt.
File: images/Intencion.png Graphic file (type png)
<use images/Intencion.png>
Package pdftex.def Info: images/Intencion.png  used on input line 201.
(pdftex.def)             Requested size: 312.9803pt x 312.98103pt.


[18]

[19]

[20]

[21]
Underfull \vbox (badness 1102) has occurred while \output is active []



[22]

[23]

[24]

[25]

[26]

[27]
<images/soportes_resistencias_validacion.png, id=101, 1520.68124pt x 776.9025pt>
File: images/soportes_resistencias_validacion.png Graphic file (type png)
<use images/soportes_resistencias_validacion.png>
Package pdftex.def Info: images/soportes_resistencias_validacion.png  used on input line 388.
(pdftex.def)             Requested size: 312.9803pt x 159.89433pt.
LaTeX Font Info:    Trying to load font information for TS1+lmr on input line 407.
 (/Library/Application Support/MiKTeX/texmfs/install/tex/latex/lm/ts1lmr.fd
File: ts1lmr.fd 2015/05/01 v1.6.1 Font defs for Latin Modern
)

[28 <./images/soportes_resistencias_validacion.png>]

[29]
<images/lineas_tendencia_directrices.png, id=110, 1502.61375pt x 716.6775pt>
File: images/lineas_tendencia_directrices.png Graphic file (type png)
<use images/lineas_tendencia_directrices.png>
Package pdftex.def Info: images/lineas_tendencia_directrices.png  used on input line 472.
(pdftex.def)             Requested size: 312.9803pt x 149.271pt.


[30]

[31 <./images/lineas_tendencia_directrices.png>]

[32]
<images/patrones_claviculares_test_ruptura.png, id=122, 1503.6175pt x 714.67pt>
File: images/patrones_claviculares_test_ruptura.png Graphic file (type png)
<use images/patrones_claviculares_test_ruptura.png>
Package pdftex.def Info: images/patrones_claviculares_test_ruptura.png  used on input line 525.
(pdftex.def)             Requested size: 312.9803pt x 148.75471pt.


[33 <./images/patrones_claviculares_test_ruptura.png>]

[34]
<images/zonas_acumulacion_distribucion.png, id=130, 1502.61375pt x 706.64pt>
File: images/zonas_acumulacion_distribucion.png Graphic file (type png)
<use images/zonas_acumulacion_distribucion.png>
Package pdftex.def Info: images/zonas_acumulacion_distribucion.png  used on input line 567.
(pdftex.def)             Requested size: 312.9803pt x 147.18036pt.


[35 <./images/zonas_acumulacion_distribucion.png>]

[36]

[37]
<images/Dilatacion_Falsa_Ruptura.png, id=142, 1541.76pt x 1027.84pt>
File: images/Dilatacion_Falsa_Ruptura.png Graphic file (type png)
<use images/Dilatacion_Falsa_Ruptura.png>
Package pdftex.def Info: images/Dilatacion_Falsa_Ruptura.png  used on input line 632.
(pdftex.def)             Requested size: 312.9803pt x 208.65402pt.


[38 <./images/Dilatacion_Falsa_Ruptura.png (PNG copy)>]
<images/dilatacion_alcista_reversion.png, id=146, 1501.61pt x 719.68875pt>
File: images/dilatacion_alcista_reversion.png Graphic file (type png)
<use images/dilatacion_alcista_reversion.png>
Package pdftex.def Info: images/dilatacion_alcista_reversion.png  used on input line 660.
(pdftex.def)             Requested size: 312.9803pt x 149.99701pt.


[39 <./images/dilatacion_alcista_reversion.png>]

[40]

[41]

[42]

[43]) (5_PautasCorrectivas.tex

[44]
Cap\'{\i }tulo 3.


[45

]
<images/Pauta_Monoonda.png, id=170, 728.7225pt x 826.08624pt>
File: images/Pauta_Monoonda.png Graphic file (type png)
<use images/Pauta_Monoonda.png>
Package pdftex.def Info: images/Pauta_Monoonda.png  used on input line 28.
(pdftex.def)             Requested size: 284.52756pt x 322.53787pt.
<images/ZigZag.png, id=171, 900.36375pt x 1083.04625pt>
File: images/ZigZag.png Graphic file (type png)
<use images/ZigZag.png>
Package pdftex.def Info: images/ZigZag.png  used on input line 43.
(pdftex.def)             Requested size: 284.52756pt x 342.25209pt.


[46]

[47 <./images/Pauta_Monoonda.png>]

[48 <./images/ZigZag.png>]
<images/Pauta_ABC_Plana_Normal.png, id=183, 528.97626pt x 684.5575pt>
File: images/Pauta_ABC_Plana_Normal.png Graphic file (type png)
<use images/Pauta_ABC_Plana_Normal.png>
Package pdftex.def Info: images/Pauta_ABC_Plana_Normal.png  used on input line 55.
(pdftex.def)             Requested size: 256.0748pt x 331.39369pt.


[49 <./images/Pauta_ABC_Plana_Normal.png>]
<images/Pauta_ABC_Plana_Irregular.png, id=189, 524.96124pt x 684.5575pt>
File: images/Pauta_ABC_Plana_Irregular.png Graphic file (type png)
<use images/Pauta_ABC_Plana_Irregular.png>
Package pdftex.def Info: images/Pauta_ABC_Plana_Irregular.png  used on input line 73.
(pdftex.def)             Requested size: 256.0748pt x 333.93195pt.


[50 <./images/Pauta_ABC_Plana_Irregular.png>]

[51]
<images/Dobles_Triples_Combinaciones.png, id=197, 1541.76pt x 1027.84pt>
File: images/Dobles_Triples_Combinaciones.png Graphic file (type png)
<use images/Dobles_Triples_Combinaciones.png>
Package pdftex.def Info: images/Dobles_Triples_Combinaciones.png  used on input line 108.
(pdftex.def)             Requested size: 256.0748pt x 170.7155pt.
<images/double_triple_combination_mes0625.png, id=198, 1500.60625pt x 708.6475pt>
File: images/double_triple_combination_mes0625.png Graphic file (type png)
<use images/double_triple_combination_mes0625.png>
Package pdftex.def Info: images/double_triple_combination_mes0625.png  used on input line 120.
(pdftex.def)             Requested size: 256.0748pt x 120.92262pt.


[52 <./images/Dobles_Triples_Combinaciones.png (PNG copy)>]

[53 <./images/double_triple_combination_mes0625.png>]

[54]
<images/digital_diagram_features_a_sy.png, id=209, 1027.84pt x 1027.84pt>
File: images/digital_diagram_features_a_sy.png Graphic file (type png)
<use images/digital_diagram_features_a_sy.png>
Package pdftex.def Info: images/digital_diagram_features_a_sy.png  used on input line 163.
(pdftex.def)             Requested size: 312.9803pt x 312.98103pt.


[55 <./images/digital_diagram_features_a_sy.png (PNG copy)>]

[56]
Underfull \vbox (badness 1796) has occurred while \output is active []



[57]) (6_Volumen.tex

[58]
Cap\'{\i }tulo 4.

Overfull \hbox (5.19183pt too wide) in paragraph at lines 9--9
[]\T1/lmr/bx/n/17.28 Comportamiento e In-ter-pre-ta-ci^^f3n del Vo-
 []


Underfull \vbox (badness 10000) has occurred while \output is active []



[59

]

[60]
<images/ruptura_volumen_intencion_2min.png, id=229, 1520.68124pt x 776.9025pt>
File: images/ruptura_volumen_intencion_2min.png Graphic file (type png)
<use images/ruptura_volumen_intencion_2min.png>
Package pdftex.def Info: images/ruptura_volumen_intencion_2min.png  used on input line 39.
(pdftex.def)             Requested size: 312.9803pt x 159.89433pt.


[61 <./images/ruptura_volumen_intencion_2min.png>]
<images/esquema_ruptura_volumen.png, id=235, 1541.76pt x 1027.84pt>
File: images/esquema_ruptura_volumen.png Graphic file (type png)
<use images/esquema_ruptura_volumen.png>
Package pdftex.def Info: images/esquema_ruptura_volumen.png  used on input line 61.
(pdftex.def)             Requested size: 312.9803pt x 208.65402pt.


[62]

[63 <./images/esquema_ruptura_volumen.png (PNG copy)>]

[64]

[65]

[66]

[67]
Overfull \hbox (5.19183pt too wide) in paragraph at lines 197--197
[]\T1/lmr/bx/n/17.28 Comportamiento e In-ter-pre-ta-ci^^f3n del Vo-
 []


Underfull \vbox (badness 10000) has occurred while \output is active []



[68]

[69]
Underfull \vbox (badness 5504) has occurred while \output is active []



[70]

[71]
<images/Vol_Anna_Coulling_Estrategia.png, id=270, 1027.84pt x 1027.84pt>
File: images/Vol_Anna_Coulling_Estrategia.png Graphic file (type png)
<use images/Vol_Anna_Coulling_Estrategia.png>
Package pdftex.def Info: images/Vol_Anna_Coulling_Estrategia.png  used on input line 314.
(pdftex.def)             Requested size: 312.9803pt x 312.98103pt.


[72]

[73 <./images/Vol_Anna_Coulling_Estrategia.png (PNG copy)>]

[74]) (7_Estrategia.tex

[75]
Cap\'{\i }tulo 5.


[76

]

[77]
Overfull \hbox (0.23454pt too wide) in paragraph at lines 43--44
\T1/lmr/m/n/12 pa-ra rui-do: evi-ta en-tra-das si di-ver-gen-cia volumen-precio (Coulling)
 []



[78]

[79]
Underfull \vbox (badness 2343) has occurred while \output is active []



[80]

[81]
Overfull \hbox (68.36761pt too wide) detected at line 117
\U/msb/m/n/12 E\OT1/lmr/m/n/12 (\OML/lmm/m/it/12 R\OT1/lmr/m/n/12 ) = \OML/lmm/m/it/12 P\OT1/lmr/m/n/12 (\OML/lmm/m/it/12 G\OT1/lmr/m/n/12 ) \OMS/lmsy/m/n/12 ^^A \OML/lmm/m/it/12 G \OMS/lmsy/m/n/12 ^^@ \OML/lmm/m/it/12 P\OT1/lmr/m/n/12 (\OML/lmm/m/it/12 P\OT1/lmr/m/n/12 ) \OMS/lmsy/m/n/12 ^^A \OML/lmm/m/it/12 P \OT1/lmr/m/n/12 = 0[]64 \OMS/lmsy/m/n/12 ^^A \OT1/lmr/m/n/12 4[]5 \OMS/lmsy/m/n/12 ^^@ \OT1/lmr/m/n/12 0[]36 \OMS/lmsy/m/n/12 ^^A \OT1/lmr/m/n/12 3[]5 = 2[]88 \OMS/lmsy/m/n/12 ^^@ \OT1/lmr/m/n/12 1[]26 = 1[]62[]
 []


Overfull \hbox (143.75323pt too wide) in paragraph at lines 123--141
 [] 
 []



[82]
LaTeX Font Info:    External font `lmex10' loaded for size
(Font)              <17.28> on input line 155.


[83]
Overfull \hbox (59.47359pt too wide) in paragraph at lines 218--218
[]|\T1/lmr/bx/n/12 Comentario| 
 []


Overfull \hbox (20.96622pt too wide) in paragraph at lines 218--218
[]|\T1/lmr/m/n/12 Triple
 []


Overfull \hbox (12.15373pt too wide) in paragraph at lines 218--218
\T1/lmr/m/n/12 con-
 []


Overfull \hbox (5.6261pt too wide) in paragraph at lines 218--218
\T1/lmr/m/n/12 fir-
 []


Overfull \hbox (10.19577pt too wide) in paragraph at lines 218--218
\T1/lmr/m/n/12 ma-
 []


Overfull \hbox (11.50105pt too wide) in paragraph at lines 218--218
\T1/lmr/m/n/12 ci^^f3n
 []


Overfull \hbox (2.36208pt too wide) in paragraph at lines 218--218
\T1/lmr/m/n/12 en
 []


Overfull \hbox (5.03844pt too wide) in paragraph at lines 218--218
\T1/lmr/m/n/12 so-
 []


Overfull \hbox (11.82747pt too wide) in paragraph at lines 218--218
\T1/lmr/m/n/12 por-
 []


Overfull \hbox (35.5535pt too wide) in paragraph at lines 218--218
[]|\T1/lmr/m/n/12 Patrones
 []


Overfull \hbox (5.95245pt too wide) in paragraph at lines 218--218
\T1/lmr/m/n/12 va-
 []


Overfull \hbox (1.05676pt too wide) in paragraph at lines 218--218
\T1/lmr/m/n/12 li-
 []


Overfull \hbox (6.93175pt too wide) in paragraph at lines 218--218
\T1/lmr/m/n/12 da-
 []


Overfull \hbox (7.64975pt too wide) in paragraph at lines 218--218
\T1/lmr/m/n/12 dos
 []


Overfull \hbox (7.9108pt too wide) in paragraph at lines 218--218
\T1/lmr/m/n/12 por
 []


Overfull \hbox (6.27887pt too wide) in paragraph at lines 218--218
\T1/lmr/m/n/12 vo-
 []


Overfull \hbox (4.32076pt too wide) in paragraph at lines 218--218
\T1/lmr/m/n/12 lu-
 []


Overfull \hbox (12.15408pt too wide) in paragraph at lines 218--218
\T1/lmr/m/n/12 men| 
 []


Overfull \hbox (55.30132pt too wide) in paragraph at lines 218--218
[]|\T1/lmr/m/n/12 Correcciones
 []


Overfull \hbox (8.88974pt too wide) in paragraph at lines 218--218
\T1/lmr/m/n/12 cla-
 []


Overfull \hbox (8.9551pt too wide) in paragraph at lines 218--218
\T1/lmr/m/n/12 ras,
 []


Overfull \hbox (9.54277pt too wide) in paragraph at lines 218--218
\T1/lmr/m/n/12 me-
 []


Overfull \hbox (6.27907pt too wide) in paragraph at lines 218--218
\T1/lmr/m/n/12 dia
 []


Overfull \hbox (12.15408pt too wide) in paragraph at lines 218--218
\T1/lmr/m/n/12 15m
 []


Overfull \hbox (3.66776pt too wide) in paragraph at lines 218--218
\T1/lmr/m/n/12 al-
 []


Overfull \hbox (7.64943pt too wide) in paragraph at lines 218--218
\T1/lmr/m/n/12 cis-
 []


Overfull \hbox (1.05643pt too wide) in paragraph at lines 218--218
\T1/lmr/m/n/12 ta| 
 []


Overfull \hbox (32.22482pt too wide) in paragraph at lines 218--218
[]|\T1/lmr/m/n/12 Entrada
 []


Overfull \hbox (5.95245pt too wide) in paragraph at lines 218--218
\T1/lmr/m/n/12 v^^e1-
 []


Overfull \hbox (1.05676pt too wide) in paragraph at lines 218--218
\T1/lmr/m/n/12 li-
 []


Overfull \hbox (6.27907pt too wide) in paragraph at lines 218--218
\T1/lmr/m/n/12 da,
 []


Overfull \hbox (12.21909pt too wide) in paragraph at lines 218--218
\T1/lmr/m/n/12 stop
 []


Overfull \hbox (15.48305pt too wide) in paragraph at lines 218--218
\T1/lmr/m/n/12 ajus-
 []


Overfull \hbox (4.9731pt too wide) in paragraph at lines 218--218
\T1/lmr/m/n/12 ta-
 []


Overfull \hbox (3.01508pt too wide) in paragraph at lines 218--218
\T1/lmr/m/n/12 do| 
 []


Overfull \hbox (56.86519pt too wide) in paragraph at lines 218--218
[]|\T1/lmr/m/n/12 Acumulaci^^f3n
 []


Overfull \hbox (12.15373pt too wide) in paragraph at lines 218--218
\T1/lmr/m/n/12 con-
 []


Overfull \hbox (5.6261pt too wide) in paragraph at lines 218--218
\T1/lmr/m/n/12 fir-
 []


Overfull \hbox (10.19577pt too wide) in paragraph at lines 218--218
\T1/lmr/m/n/12 ma-
 []


Overfull \hbox (3.01508pt too wide) in paragraph at lines 218--218
\T1/lmr/m/n/12 da
 []


Overfull \hbox (2.36208pt too wide) in paragraph at lines 218--218
\T1/lmr/m/n/12 en
 []


Overfull \hbox (14.11205pt too wide) in paragraph at lines 218--218
\T1/lmr/m/n/12 5790| 
 []


Overfull \hbox (21.12766pt too wide) in paragraph at lines 218--218
[]|\T1/lmr/m/n/12 Ruido
 []


Overfull \hbox (4.32076pt too wide) in paragraph at lines 218--218
\T1/lmr/m/n/12 fil-
 []


Overfull \hbox (9.54243pt too wide) in paragraph at lines 218--218
\T1/lmr/m/n/12 tra-
 []


Overfull \hbox (3.01508pt too wide) in paragraph at lines 218--218
\T1/lmr/m/n/12 do
 []


Overfull \hbox (8.23706pt too wide) in paragraph at lines 218--218
\T1/lmr/m/n/12 con
 []


Overfull \hbox (4.32076pt too wide) in paragraph at lines 218--218
\T1/lmr/m/n/12 di-
 []


Overfull \hbox (10.1952pt too wide) in paragraph at lines 218--218
\T1/lmr/m/n/12 ver-
 []


Overfull \hbox (12.15373pt too wide) in paragraph at lines 218--218
\T1/lmr/m/n/12 gen-
 []


Overfull \hbox (4.97307pt too wide) in paragraph at lines 218--218
\T1/lmr/m/n/12 cia| 
 []


Overfull \hbox (37.6118pt too wide) in paragraph at lines 218--218
[]|\T1/lmr/m/n/12 Contexto
 []


Overfull \hbox (10.19577pt too wide) in paragraph at lines 218--218
\T1/lmr/m/n/12 ma-
 []


Overfull \hbox (6.27841pt too wide) in paragraph at lines 218--218
\T1/lmr/m/n/12 cro
 []


Overfull \hbox (12.80673pt too wide) in paragraph at lines 218--218
\T1/lmr/m/n/12 neu-
 []


Overfull \hbox (8.88976pt too wide) in paragraph at lines 218--218
\T1/lmr/m/n/12 tral| 
 []


Overfull \hbox (53.83235pt too wide) in paragraph at lines 218--218
[]|\T1/lmr/m/n/12 Distribuci^^f3n
 []


Overfull \hbox (5.95245pt too wide) in paragraph at lines 218--218
\T1/lmr/m/n/12 va-
 []


Overfull \hbox (1.05676pt too wide) in paragraph at lines 218--218
\T1/lmr/m/n/12 li-
 []


Overfull \hbox (6.93175pt too wide) in paragraph at lines 218--218
\T1/lmr/m/n/12 da-
 []


Overfull \hbox (3.01508pt too wide) in paragraph at lines 218--218
\T1/lmr/m/n/12 da
 []


Overfull \hbox (8.23706pt too wide) in paragraph at lines 218--218
\T1/lmr/m/n/12 con
 []


Overfull \hbox (6.27887pt too wide) in paragraph at lines 218--218
\T1/lmr/m/n/12 vo-
 []


Overfull \hbox (4.32076pt too wide) in paragraph at lines 218--218
\T1/lmr/m/n/12 lu-
 []


Overfull \hbox (12.15408pt too wide) in paragraph at lines 218--218
\T1/lmr/m/n/12 men| 
 []


Overfull \hbox (32.22482pt too wide) in paragraph at lines 218--218
[]|\T1/lmr/m/n/12 Entrada
 []


Overfull \hbox (16.46214pt too wide) in paragraph at lines 218--218
\T1/lmr/m/n/12 post-
 []


Overfull \hbox (18.68204pt too wide) in paragraph at lines 218--218
\T1/lmr/m/n/12 plana
 []


Overfull \hbox (12.15373pt too wide) in paragraph at lines 218--218
\T1/lmr/m/n/12 con-
 []


Overfull \hbox (5.6261pt too wide) in paragraph at lines 218--218
\T1/lmr/m/n/12 fir-
 []


Overfull \hbox (10.19577pt too wide) in paragraph at lines 218--218
\T1/lmr/m/n/12 ma-
 []


Overfull \hbox (3.01508pt too wide) in paragraph at lines 218--218
\T1/lmr/m/n/12 da| 
 []


Overfull \hbox (25.69684pt too wide) in paragraph at lines 218--218
[]|\T1/lmr/m/n/12 Patr^^f3n
 []


Overfull \hbox (5.95245pt too wide) in paragraph at lines 218--218
\T1/lmr/m/n/12 va-
 []


Overfull \hbox (1.05676pt too wide) in paragraph at lines 218--218
\T1/lmr/m/n/12 li-
 []


Overfull \hbox (6.93175pt too wide) in paragraph at lines 218--218
\T1/lmr/m/n/12 da-
 []


Overfull \hbox (3.01508pt too wide) in paragraph at lines 218--218
\T1/lmr/m/n/12 do
 []


Overfull \hbox (2.36208pt too wide) in paragraph at lines 218--218
\T1/lmr/m/n/12 en
 []


Overfull \hbox (4.3201pt too wide) in paragraph at lines 218--218
\T1/lmr/m/n/12 re-
 []


Overfull \hbox (7.06212pt too wide) in paragraph at lines 218--218
\T1/lmr/m/n/12 sis-
 []


Overfull \hbox (10.84808pt too wide) in paragraph at lines 218--218
\T1/lmr/m/n/12 ten-
 []


Overfull \hbox (4.97307pt too wide) in paragraph at lines 218--218
\T1/lmr/m/n/12 cia| 
 []


Overfull \hbox (60.38307pt too wide) in paragraph at lines 218--218
[]|\T1/lmr/bx/n/12 Expectativa
 []


Overfull \hbox (5.4246pt too wide) in paragraph at lines 218--218
\T1/lmr/bx/n/12 al-
 []


Overfull \hbox (15.1746pt too wide) in paragraph at lines 218--218
\T1/lmr/bx/n/12 can-
 []


Overfull \hbox (7.6746pt too wide) in paragraph at lines 218--218
\T1/lmr/bx/n/12 za-
 []


Overfull \hbox (4.93744pt too wide) in paragraph at lines 218--218
\T1/lmr/bx/n/12 da| 
 []


Underfull \vbox (badness 10000) has occurred while \output is active []



[84]
Overfull \vbox (743.8498pt too high) has occurred while \output is active []



[85]

[86]

[87]

[88]

[89]

[90]

[91]

[92]

[93]) (8_Setup.tex

[94]

[95]
Cap\'{\i }tulo 6.
) (9_PlanTrading.tex

[96

]
Cap\'{\i }tulo 7.

LaTeX Font Warning: Font shape `T1/lmr/m/scit' undefined
(Font)              using `T1/lmr/m/scsl' instead on input line 22.


LaTeX Font Warning: Font shape `T1/lmr/m/scit' undefined
(Font)              using `T1/lmr/m/scsl' instead on input line 22.


LaTeX Font Warning: Font shape `T1/lmr/m/scit' undefined
(Font)              using `T1/lmr/m/scsl' instead on input line 23.


LaTeX Font Warning: Font shape `T1/lmr/m/scit' undefined
(Font)              using `T1/lmr/m/scsl' instead on input line 23.


Overfull \hbox (2.93536pt too wide) in paragraph at lines 34--38
\T1/lmr/m/n/12 Alcanzar un \T1/lmr/m/sc/12 ra-tio acier-tos/fallos $\OMS/lmsy/m/n/12 ^^U \OT1/lmr/m/n/12 60\OML/lmm/m/it/12 =\OT1/lmr/m/n/12 40$ \T1/lmr/m/n/12 con \T1/lmr/m/sc/12 ries-go/beneficio
 []



[97

]
Overfull \hbox (22.41646pt too wide) in paragraph at lines 50--53
[]\T1/lmr/m/n/12 Estrategia Tra-der \T1/lmr/bx/n/12 scal-per e in-trad'ia\T1/lmr/m/n/12 : b'usqueda de im-pul-sos de \T1/lmr/m/it/12 pre-cio+volumen
 []



[98]

[99]

[100]

LaTeX Font Warning: Font shape `T1/lmr/m/scit' undefined
(Font)              using `T1/lmr/m/scsl' instead on input line 156.



[101]
Overfull \hbox (0.5682pt too wide) in paragraph at lines 186--186
 []|\T1/lmr/m/n/12 H.E.| 
 []



[102]) (1_Definicion_.bbl

[103]

[104

]
Underfull \hbox (badness 10000) in paragraph at lines 77--79
[]\T1/lmr/m/n/12 ------, ``Brooks tra-ding cour-se,'' Brooks Pri-ce Ac-tion,
 []


Underfull \hbox (badness 3179) in paragraph at lines 77--79
\T1/lmr/m/n/12 https://www.brookspriceaction.com, 2023, ac-ce-sa-do has-ta oc-tu-bre
 []

)

[105] (1_Definicion_.aux
LaTeX Info: Redefining \. on input line 8.
LaTeX Info: Redefining \% on input line 8.
)
 ***********
LaTeX2e <2024-11-01> patch level 2
L3 programming layer <2025-01-18>
 ***********
 ) 
Here is how much of TeX's memory you used:
 6342 strings out of 473530
 107692 string characters out of 5711807
 502294 words of memory out of 5000000
 29420 multiletter control sequences out of 15000+600000
 646066 words of font info for 93 fonts, out of 8000000 for 9000
 1145 hyphenation exceptions out of 8191
 57i,11n,65p,930b,426s stack positions out of 10000i,1000n,20000p,200000b,200000s
{/Library/Application Support/MiKTeX/texmfs/install/fonts/enc/dvips/lm/lm-ec.enc}{/Library/Application Support/MiKTeX/texmfs/install/fonts/enc/dvips/lm/lm-mathit.enc}{/Library/Application Support/MiKTeX/texmfs/install/fonts/enc/dvips/lm/lm-mathsy.enc}{/Library/Application Support/MiKTeX/texmfs/install/fonts/enc/dvips/lm/lm-rm.enc}{/Library/Application Support/MiKTeX/texmfs/install/fonts/enc/dvips/lm/lm-ts1.enc}</Library/Application Support/MiKTeX/texmfs/install/fonts/type1/public/lm/lmbx12.pfb></Library/Application Support/MiKTeX/texmfs/install/fonts/type1/public/lm/lmbx8.pfb></Library/Application Support/MiKTeX/texmfs/install/fonts/type1/public/lm/lmbxi10.pfb></Library/Application Support/MiKTeX/texmfs/install/fonts/type1/public/lm/lmcsc10.pfb></Library/Application Support/MiKTeX/texmfs/install/fonts/type1/public/lm/lmcsco10.pfb></Library/Application Support/MiKTeX/texmfs/install/fonts/type1/public/lm/lmmi12.pfb></Library/Application Support/MiKTeX/texmfs/install/fonts/type1/public/lm/lmr12.pfb></Library/Application Support/MiKTeX/texmfs/install/fonts/type1/public/lm/lmr17.pfb></Library/Application Support/MiKTeX/texmfs/install/fonts/type1/public/lm/lmri12.pfb></Library/Application Support/MiKTeX/texmfs/install/fonts/type1/public/lm/lmsy10.pfb></Library/Application Support/MiKTeX/texmfs/install/fonts/type1/public/amsfonts/symbols/msbm10.pfb>
Output written on 1_Definicion_.pdf (105 pages, 11001032 bytes).
PDF statistics:
 442 PDF objects out of 1000 (max. 8388607)
 0 named destinations out of 1000 (max. 500000)
 116 words of extra memory for PDF output out of 10000 (max. 10000000)

